#
# There is insufficient memory for the Java Runtime Environment to continue.
# Native memory allocation (malloc) failed to allocate 2097152 bytes for AllocateHeap
# Possible reasons:
#   The system is out of physical RAM or swap space
#   The process is running with CompressedOops enabled, and the Java Heap may be blocking the growth of the native heap
# Possible solutions:
#   Reduce memory load on the system
#   Increase physical memory or swap space
#   Check if swap backing store is full
#   Decrease Java heap size (-Xmx/-Xms)
#   Decrease number of Java threads
#   Decrease Java thread stack sizes (-Xss)
#   Set larger code cache with -XX:ReservedCodeCacheSize=
#   JVM is running with Unscaled Compressed Oops mode in which the Java heap is
#     placed in the first 4GB address space. The Java Heap base address is the
#     maximum limit for the native heap growth. Please use -XX:HeapBaseMinAddress
#     to set the Java Heap base and to place the Java Heap above 4GB virtual address.
# This output file may be truncated or incomplete.
#
#  Out of Memory Error (allocation.cpp:44), pid=17364, tid=21996
#
# JRE version: OpenJDK Runtime Environment Temurin-17.0.7+7 (17.0.7+7) (build 17.0.7+7)
# Java VM: OpenJDK 64-Bit Server VM Temurin-17.0.7+7 (17.0.7+7, mixed mode, emulated-client, tiered, compressed oops, compressed class ptrs, g1 gc, windows-amd64)
# No core dump will be written. Minidumps are not enabled by default on client versions of Windows
#

---------------  S U M M A R Y ------------

Command Line: -XX:+HeapDumpOnOutOfMemoryError -Xmx1024m -Dsts.lsp.client=vscode -Dsts.log.file=/dev/null -XX:TieredStopAtLevel=1 -Xlog:jni+resolve=off -Dspring.config.location=file:c:\Users\Mehnaz Kaif\.vscode\extensions\vmware.vscode-spring-boot-1.47.0\language-server\BOOT-INF\classes\application.properties org.springframework.ide.vscode.boot.app.BootLanguageServerBootApp

Host: AMD Ryzen 7 3700U with Radeon Vega Mobile Gfx  , 8 cores, 5G,  Windows 11 , 64 bit Build 22621 (10.0.22621.1778)
Time: Wed Jul 12 15:55:56 2023 India Standard Time elapsed time: 15909.169832 seconds (0d 4h 25m 9s)

---------------  T H R E A D  ---------------

Current thread (0x00000243493d38c0):  VMThread "VM Thread" [stack: 0x000000f061900000,0x000000f061a00000] [id=21996]

Stack: [0x000000f061900000,0x000000f061a00000]
Native frames: (J=compiled Java code, j=interpreted, Vv=VM code, C=native code)
V  [jvm.dll+0x67754a]
V  [jvm.dll+0x834304]
V  [jvm.dll+0x835aae]
V  [jvm.dll+0x836113]
V  [jvm.dll+0x24696f]
V  [jvm.dll+0xa681f]
V  [jvm.dll+0x2f7481]
V  [jvm.dll+0x2f30f0]
V  [jvm.dll+0x2db6c7]
V  [jvm.dll+0x31e777]
V  [jvm.dll+0x83a5bb]
V  [jvm.dll+0x83b2f4]
V  [jvm.dll+0x83b80c]
V  [jvm.dll+0x83bbe4]
V  [jvm.dll+0x83bcb0]
V  [jvm.dll+0x7e4e7a]
V  [jvm.dll+0x676395]
C  [ucrtbase.dll+0x29363]
C  [KERNEL32.DLL+0x126ad]
C  [ntdll.dll+0x5a9f8]

VM_Operation (0x000000f0630fea40): G1CollectFull, mode: safepoint, requested by thread 0x000002434f274c40


---------------  P R O C E S S  ---------------

Threads class SMR info:
_java_thread_list=0x000002434f82a690, length=22, elements={
0x00000243493e8370, 0x00000243493e8f20, 0x000002434942d010, 0x000002434942fce0,
0x00000243494305a0, 0x0000024349430e60, 0x00000243494317d0, 0x0000024349436890,
0x00000243497321f0, 0x0000024349743e80, 0x000002434f1c2780, 0x000002434f124880,
0x000002434f274c40, 0x000002434f23a850, 0x000002433e5e4180, 0x000002434ef41270,
0x00000243496b1b70, 0x000002434f2e5f40, 0x000002434f54acc0, 0x000002434f546490,
0x000002434f54c000, 0x000002434f54c9a0
}

Java Threads: ( => current thread )
  0x00000243493e8370 JavaThread "Reference Handler" daemon [_thread_blocked, id=22192, stack(0x000000f061a00000,0x000000f061b00000)]
  0x00000243493e8f20 JavaThread "Finalizer" daemon [_thread_blocked, id=22184, stack(0x000000f061b00000,0x000000f061c00000)]
  0x000002434942d010 JavaThread "Signal Dispatcher" daemon [_thread_blocked, id=13224, stack(0x000000f061c00000,0x000000f061d00000)]
  0x000002434942fce0 JavaThread "Attach Listener" daemon [_thread_blocked, id=22088, stack(0x000000f061d00000,0x000000f061e00000)]
  0x00000243494305a0 JavaThread "Service Thread" daemon [_thread_blocked, id=9852, stack(0x000000f061e00000,0x000000f061f00000)]
  0x0000024349430e60 JavaThread "Monitor Deflation Thread" daemon [_thread_blocked, id=10692, stack(0x000000f061f00000,0x000000f062000000)]
  0x00000243494317d0 JavaThread "C1 CompilerThread0" daemon [_thread_blocked, id=19752, stack(0x000000f062000000,0x000000f062100000)]
  0x0000024349436890 JavaThread "Sweeper thread" daemon [_thread_blocked, id=10788, stack(0x000000f062100000,0x000000f062200000)]
  0x00000243497321f0 JavaThread "Notification Thread" daemon [_thread_blocked, id=5108, stack(0x000000f062300000,0x000000f062400000)]
  0x0000024349743e80 JavaThread "Common-Cleaner" daemon [_thread_blocked, id=21768, stack(0x000000f062500000,0x000000f062600000)]
  0x000002434f1c2780 JavaThread "boundedElastic-evictor-1" daemon [_thread_blocked, id=20192, stack(0x000000f062d00000,0x000000f062e00000)]
  0x000002434f124880 JavaThread "boundedElastic-evictor-2" daemon [_thread_blocked, id=21860, stack(0x000000f062f00000,0x000000f063000000)]
  0x000002434f274c40 JavaThread "pool-10-thread-1" [_thread_blocked, id=21952, stack(0x000000f063000000,0x000000f063100000)]
  0x000002434f23a850 JavaThread "LanguageServerApp-lifecycle" [_thread_blocked, id=19084, stack(0x000000f063100000,0x000000f063200000)]
  0x000002433e5e4180 JavaThread "DestroyJavaVM" [_thread_blocked, id=22496, stack(0x000000f061300000,0x000000f061400000)]
  0x000002434ef41270 JavaThread "pool-11-thread-1" [_thread_in_native, id=22400, stack(0x000000f063200000,0x000000f063300000)]
  0x00000243496b1b70 JavaThread "Simple-Language-Server main thread" daemon [_thread_blocked, id=3356, stack(0x000000f063300000,0x000000f063400000)]
  0x000002434f2e5f40 JavaThread "pool-6-thread-1" [_thread_blocked, id=22540, stack(0x000000f063600000,0x000000f063700000)]
  0x000002434f54acc0 JavaThread "parallel-1" daemon [_thread_blocked, id=22588, stack(0x000000f063e00000,0x000000f063f00000)]
  0x000002434f546490 JavaThread "pool-4-thread-1" [_thread_blocked, id=22640, stack(0x000000f064a00000,0x000000f064b00000)]
  0x000002434f54c000 JavaThread "parallel-2" daemon [_thread_blocked, id=22668, stack(0x000000f064b00000,0x000000f064c00000)]
  0x000002434f54c9a0 JavaThread "parallel-3" daemon [_thread_blocked, id=22812, stack(0x000000f061000000,0x000000f061100000)]

Other Threads:
=>0x00000243493d38c0 VMThread "VM Thread" [stack: 0x000000f061900000,0x000000f061a00000] [id=21996]
  0x000002434973aba0 WatcherThread [stack: 0x000000f062400000,0x000000f062500000] [id=14172]
  0x000002433e6227f0 GCTaskThread "GC Thread#0" [stack: 0x000000f061400000,0x000000f061500000] [id=22256]
  0x000002434e7e5060 GCTaskThread "GC Thread#1" [stack: 0x000000f062600000,0x000000f062700000] [id=6804]
  0x000002434e88a4f0 GCTaskThread "GC Thread#2" [stack: 0x000000f062700000,0x000000f062800000] [id=21564]
  0x000002434e8929c0 GCTaskThread "GC Thread#3" [stack: 0x000000f062800000,0x000000f062900000] [id=13296]
  0x000002434967a050 GCTaskThread "GC Thread#4" [stack: 0x000000f062900000,0x000000f062a00000] [id=18344]
  0x000002434e694c60 GCTaskThread "GC Thread#5" [stack: 0x000000f062a00000,0x000000f062b00000] [id=11388]
  0x000002434e5987c0 GCTaskThread "GC Thread#6" [stack: 0x000000f062b00000,0x000000f062c00000] [id=11532]
  0x000002434e598a70 GCTaskThread "GC Thread#7" [stack: 0x000000f062c00000,0x000000f062d00000] [id=4060]
  0x000002433e62b730 ConcurrentGCThread "G1 Main Marker" [stack: 0x000000f061500000,0x000000f061600000] [id=22164]
  0x000002433e62c140 ConcurrentGCThread "G1 Conc#0" [stack: 0x000000f061600000,0x000000f061700000] [id=22000]
  0x000002434ec978a0 ConcurrentGCThread "G1 Conc#1" [stack: 0x000000f062e00000,0x000000f062f00000] [id=22144]
  0x000002433e68e6e0 ConcurrentGCThread "G1 Refine#0" [stack: 0x000000f061700000,0x000000f061800000] [id=13328]
  0x000002434fb45f20 ConcurrentGCThread "G1 Refine#1" [stack: 0x000000f064f00000,0x000000f065000000] [id=22860]
  0x00000243495b8760 ConcurrentGCThread "G1 Refine#2" [stack: 0x000000f065200000,0x000000f065300000] [id=23000]
  0x00000243495b7620 ConcurrentGCThread "G1 Refine#3" [stack: 0x000000f063900000,0x000000f063a00000] [id=3404]
  0x00000243492510a0 ConcurrentGCThread "G1 Service" [stack: 0x000000f061800000,0x000000f061900000] [id=10960]

Threads with active compile tasks:

VM state: at safepoint (normal execution)

VM Mutex/Monitor currently owned by a thread:  ([mutex/lock_event])
[0x000002433c34e2c0] Threads_lock - owner thread: 0x00000243493d38c0
[0x000002433e5e0290] Heap_lock - owner thread: 0x000002434f274c40

Heap address: 0x00000000c0000000, size: 1024 MB, Compressed Oops mode: 32-bit

CDS archive(s) not mapped
Compressed class space mapped at: 0x0000000100000000-0x0000000140000000, reserved size: 1073741824
Narrow klass base: 0x0000000000000000, Narrow klass shift: 3, Narrow klass range: 0x140000000

GC Precious Log:
 CPUs: 8 total, 8 available
 Memory: 6060M
 Large Page Support: Disabled
 NUMA Support: Disabled
 Compressed Oops: Enabled (32-bit)
 Heap Region Size: 1M
 Heap Min Capacity: 8M
 Heap Initial Capacity: 96M
 Heap Max Capacity: 1G
 Pre-touch: Disabled
 Parallel Workers: 8
 Concurrent Workers: 2
 Concurrent Refinement Workers: 8
 Periodic GC: Disabled

Heap:
 garbage-first heap   total 137216K, used 40333K [0x00000000c0000000, 0x0000000100000000)
  region size 1024K, 1 young (1024K), 0 survivors (0K)
 Metaspace       used 73922K, committed 74752K, reserved 1114112K
  class space    used 10070K, committed 10432K, reserved 1048576K

Heap Regions: E=young(eden), S=young(survivor), O=old, HS=humongous(starts), HC=humongous(continues), CS=collection set, F=free, OA=open archive, CA=closed archive, TAMS=top-at-mark-start (previous, next)
|   0|0x00000000c0000000, 0x00000000c0100000, 0x00000000c0100000|100%|HS|  |TAMS 0x00000000c0100000, 0x00000000c0000000| Untracked 
|   1|0x00000000c0100000, 0x00000000c0200000, 0x00000000c0200000|100%| O|  |TAMS 0x00000000c0200000, 0x00000000c0100000| Untracked 
|   2|0x00000000c0200000, 0x00000000c02fffe0, 0x00000000c0300000| 99%| O|  |TAMS 0x00000000c02fffe0, 0x00000000c0200000| Untracked 
|   3|0x00000000c0300000, 0x00000000c0400000, 0x00000000c0400000|100%| O|  |TAMS 0x00000000c0400000, 0x00000000c0300000| Untracked 
|   4|0x00000000c0400000, 0x00000000c0500000, 0x00000000c0500000|100%| O|  |TAMS 0x00000000c0500000, 0x00000000c0400000| Untracked 
|   5|0x00000000c0500000, 0x00000000c0600000, 0x00000000c0600000|100%| O|  |TAMS 0x00000000c0600000, 0x00000000c0500000| Untracked 
|   6|0x00000000c0600000, 0x00000000c06fffd0, 0x00000000c0700000| 99%| O|  |TAMS 0x00000000c06fffd0, 0x00000000c0600000| Untracked 
|   7|0x00000000c0700000, 0x00000000c07fffe0, 0x00000000c0800000| 99%| O|  |TAMS 0x00000000c07fffe0, 0x00000000c0700000| Untracked 
|   8|0x00000000c0800000, 0x00000000c08fffd0, 0x00000000c0900000| 99%| O|  |TAMS 0x00000000c08fffd0, 0x00000000c0800000| Untracked 
|   9|0x00000000c0900000, 0x00000000c09ffff0, 0x00000000c0a00000| 99%| O|  |TAMS 0x00000000c09ffff0, 0x00000000c0900000| Untracked 
|  10|0x00000000c0a00000, 0x00000000c0affff0, 0x00000000c0b00000| 99%| O|  |TAMS 0x00000000c0affff0, 0x00000000c0a00000| Untracked 
|  11|0x00000000c0b00000, 0x00000000c0c00000, 0x00000000c0c00000|100%| O|  |TAMS 0x00000000c0c00000, 0x00000000c0b00000| Untracked 
|  12|0x00000000c0c00000, 0x00000000c0d00000, 0x00000000c0d00000|100%| O|  |TAMS 0x00000000c0d00000, 0x00000000c0c00000| Untracked 
|  13|0x00000000c0d00000, 0x00000000c0dfff70, 0x00000000c0e00000| 99%| O|  |TAMS 0x00000000c0dfff70, 0x00000000c0d00000| Untracked 
|  14|0x00000000c0e00000, 0x00000000c0efffb8, 0x00000000c0f00000| 99%| O|  |TAMS 0x00000000c0efffb8, 0x00000000c0e00000| Untracked 
|  15|0x00000000c0f00000, 0x00000000c0ffffc0, 0x00000000c1000000| 99%| O|  |TAMS 0x00000000c0ffffc0, 0x00000000c0f00000| Untracked 
|  16|0x00000000c1000000, 0x00000000c1100000, 0x00000000c1100000|100%| O|  |TAMS 0x00000000c1100000, 0x00000000c1000000| Untracked 
|  17|0x00000000c1100000, 0x00000000c11ffff8, 0x00000000c1200000| 99%| O|  |TAMS 0x00000000c11ffff8, 0x00000000c1100000| Untracked 
|  18|0x00000000c1200000, 0x00000000c12fe400, 0x00000000c1300000| 99%| O|  |TAMS 0x00000000c12fe400, 0x00000000c1200000| Untracked 
|  19|0x00000000c1300000, 0x00000000c13fffc8, 0x00000000c1400000| 99%| O|  |TAMS 0x00000000c13fffc8, 0x00000000c1300000| Untracked 
|  20|0x00000000c1400000, 0x00000000c14fffb8, 0x00000000c1500000| 99%| O|  |TAMS 0x00000000c14fffb8, 0x00000000c1400000| Untracked 
|  21|0x00000000c1500000, 0x00000000c15fffb8, 0x00000000c1600000| 99%| O|  |TAMS 0x00000000c15fffb8, 0x00000000c1500000| Untracked 
|  22|0x00000000c1600000, 0x00000000c1700000, 0x00000000c1700000|100%| O|  |TAMS 0x00000000c1700000, 0x00000000c1600000| Untracked 
|  23|0x00000000c1700000, 0x00000000c17ffff0, 0x00000000c1800000| 99%| O|  |TAMS 0x00000000c17ffff0, 0x00000000c1700000| Untracked 
|  24|0x00000000c1800000, 0x00000000c18fffe8, 0x00000000c1900000| 99%| O|  |TAMS 0x00000000c18fffe8, 0x00000000c1800000| Untracked 
|  25|0x00000000c1900000, 0x00000000c1a00000, 0x00000000c1a00000|100%| O|  |TAMS 0x00000000c1a00000, 0x00000000c1900000| Untracked 
|  26|0x00000000c1a00000, 0x00000000c1afffc8, 0x00000000c1b00000| 99%| O|  |TAMS 0x00000000c1afffc8, 0x00000000c1a00000| Untracked 
|  27|0x00000000c1b00000, 0x00000000c1bfffd0, 0x00000000c1c00000| 99%| O|  |TAMS 0x00000000c1bfffd0, 0x00000000c1b00000| Untracked 
|  28|0x00000000c1c00000, 0x00000000c1cffff0, 0x00000000c1d00000| 99%| O|  |TAMS 0x00000000c1cffff0, 0x00000000c1c00000| Untracked 
|  29|0x00000000c1d00000, 0x00000000c1dffff8, 0x00000000c1e00000| 99%| O|  |TAMS 0x00000000c1dffff8, 0x00000000c1d00000| Untracked 
|  30|0x00000000c1e00000, 0x00000000c1efffe8, 0x00000000c1f00000| 99%| O|  |TAMS 0x00000000c1efffe8, 0x00000000c1e00000| Untracked 
|  31|0x00000000c1f00000, 0x00000000c1fffff0, 0x00000000c2000000| 99%| O|  |TAMS 0x00000000c1fffff0, 0x00000000c1f00000| Untracked 
|  32|0x00000000c2000000, 0x00000000c20fe318, 0x00000000c2100000| 99%| O|  |TAMS 0x00000000c20fe318, 0x00000000c2000000| Untracked 
|  33|0x00000000c2100000, 0x00000000c216cd48, 0x00000000c2200000| 42%| O|  |TAMS 0x00000000c2100000, 0x00000000c2100000| Untracked 
|  34|0x00000000c2200000, 0x00000000c22ffff8, 0x00000000c2300000| 99%| O|  |TAMS 0x00000000c22ffff8, 0x00000000c2200000| Untracked 
|  35|0x00000000c2300000, 0x00000000c23ffff8, 0x00000000c2400000| 99%| O|  |TAMS 0x00000000c23ffff8, 0x00000000c2300000| Untracked 
|  36|0x00000000c2400000, 0x00000000c24ffff0, 0x00000000c2500000| 99%| O|  |TAMS 0x00000000c24ffff0, 0x00000000c2400000| Untracked 
|  37|0x00000000c2500000, 0x00000000c2500000, 0x00000000c2600000|  0%| F|  |TAMS 0x00000000c2500000, 0x00000000c2500000| Untracked 
|  38|0x00000000c2600000, 0x00000000c2700000, 0x00000000c2700000|100%| O|  |TAMS 0x00000000c2700000, 0x00000000c2600000| Untracked 
|  39|0x00000000c2700000, 0x00000000c27fa470, 0x00000000c2800000| 97%| O|  |TAMS 0x00000000c27fa470, 0x00000000c2700000| Untracked 
|  40|0x00000000c2800000, 0x00000000c28ffff8, 0x00000000c2900000| 99%| O|  |TAMS 0x00000000c28ffff8, 0x00000000c2800000| Untracked 
|  41|0x00000000c2900000, 0x00000000c2900000, 0x00000000c2a00000|  0%| F|  |TAMS 0x00000000c2900000, 0x00000000c2900000| Untracked 
|  42|0x00000000c2a00000, 0x00000000c2a00000, 0x00000000c2b00000|  0%| F|  |TAMS 0x00000000c2a00000, 0x00000000c2a00000| Untracked 
|  43|0x00000000c2b00000, 0x00000000c2b00000, 0x00000000c2c00000|  0%| F|  |TAMS 0x00000000c2b00000, 0x00000000c2b00000| Untracked 
|  44|0x00000000c2c00000, 0x00000000c2c00000, 0x00000000c2d00000|  0%| F|  |TAMS 0x00000000c2c00000, 0x00000000c2c00000| Untracked 
|  45|0x00000000c2d00000, 0x00000000c2d00000, 0x00000000c2e00000|  0%| F|  |TAMS 0x00000000c2d00000, 0x00000000c2d00000| Untracked 
|  46|0x00000000c2e00000, 0x00000000c2e00000, 0x00000000c2f00000|  0%| F|  |TAMS 0x00000000c2e00000, 0x00000000c2e00000| Untracked 
|  47|0x00000000c2f00000, 0x00000000c2f00000, 0x00000000c3000000|  0%| F|  |TAMS 0x00000000c2f00000, 0x00000000c2f00000| Untracked 
|  48|0x00000000c3000000, 0x00000000c3000000, 0x00000000c3100000|  0%| F|  |TAMS 0x00000000c3000000, 0x00000000c3000000| Untracked 
|  49|0x00000000c3100000, 0x00000000c3100000, 0x00000000c3200000|  0%| F|  |TAMS 0x00000000c3100000, 0x00000000c3100000| Untracked 
|  50|0x00000000c3200000, 0x00000000c3200000, 0x00000000c3300000|  0%| F|  |TAMS 0x00000000c3200000, 0x00000000c3200000| Untracked 
|  51|0x00000000c3300000, 0x00000000c3300000, 0x00000000c3400000|  0%| F|  |TAMS 0x00000000c3300000, 0x00000000c3300000| Untracked 
|  52|0x00000000c3400000, 0x00000000c3400000, 0x00000000c3500000|  0%| F|  |TAMS 0x00000000c3400000, 0x00000000c3400000| Untracked 
|  53|0x00000000c3500000, 0x00000000c3500000, 0x00000000c3600000|  0%| F|  |TAMS 0x00000000c3500000, 0x00000000c3500000| Untracked 
|  54|0x00000000c3600000, 0x00000000c3600000, 0x00000000c3700000|  0%| F|  |TAMS 0x00000000c3600000, 0x00000000c3600000| Untracked 
|  55|0x00000000c3700000, 0x00000000c3700000, 0x00000000c3800000|  0%| F|  |TAMS 0x00000000c3700000, 0x00000000c3700000| Untracked 
|  56|0x00000000c3800000, 0x00000000c3800000, 0x00000000c3900000|  0%| F|  |TAMS 0x00000000c3800000, 0x00000000c3800000| Untracked 
|  57|0x00000000c3900000, 0x00000000c3900000, 0x00000000c3a00000|  0%| F|  |TAMS 0x00000000c3900000, 0x00000000c3900000| Untracked 
|  58|0x00000000c3a00000, 0x00000000c3a00000, 0x00000000c3b00000|  0%| F|  |TAMS 0x00000000c3a00000, 0x00000000c3a00000| Untracked 
|  59|0x00000000c3b00000, 0x00000000c3b00000, 0x00000000c3c00000|  0%| F|  |TAMS 0x00000000c3b00000, 0x00000000c3b00000| Untracked 
|  60|0x00000000c3c00000, 0x00000000c3c00000, 0x00000000c3d00000|  0%| F|  |TAMS 0x00000000c3c00000, 0x00000000c3c00000| Untracked 
|  61|0x00000000c3d00000, 0x00000000c3d00000, 0x00000000c3e00000|  0%| F|  |TAMS 0x00000000c3d00000, 0x00000000c3d00000| Untracked 
|  62|0x00000000c3e00000, 0x00000000c3e00000, 0x00000000c3f00000|  0%| F|  |TAMS 0x00000000c3e00000, 0x00000000c3e00000| Untracked 
|  63|0x00000000c3f00000, 0x00000000c3f00000, 0x00000000c4000000|  0%| F|  |TAMS 0x00000000c3f00000, 0x00000000c3f00000| Untracked 
|  64|0x00000000c4000000, 0x00000000c4000000, 0x00000000c4100000|  0%| F|  |TAMS 0x00000000c4000000, 0x00000000c4000000| Untracked 
|  65|0x00000000c4100000, 0x00000000c4100000, 0x00000000c4200000|  0%| F|  |TAMS 0x00000000c4100000, 0x00000000c4100000| Untracked 
|  66|0x00000000c4200000, 0x00000000c4200000, 0x00000000c4300000|  0%| F|  |TAMS 0x00000000c4200000, 0x00000000c4200000| Untracked 
|  67|0x00000000c4300000, 0x00000000c4300000, 0x00000000c4400000|  0%| F|  |TAMS 0x00000000c4300000, 0x00000000c4300000| Untracked 
|  68|0x00000000c4400000, 0x00000000c4400000, 0x00000000c4500000|  0%| F|  |TAMS 0x00000000c4400000, 0x00000000c4400000| Untracked 
|  69|0x00000000c4500000, 0x00000000c4500000, 0x00000000c4600000|  0%| F|  |TAMS 0x00000000c4500000, 0x00000000c4500000| Untracked 
|  70|0x00000000c4600000, 0x00000000c4600000, 0x00000000c4700000|  0%| F|  |TAMS 0x00000000c4600000, 0x00000000c4600000| Untracked 
|  71|0x00000000c4700000, 0x00000000c4700000, 0x00000000c4800000|  0%| F|  |TAMS 0x00000000c4700000, 0x00000000c4700000| Untracked 
|  72|0x00000000c4800000, 0x00000000c4800000, 0x00000000c4900000|  0%| F|  |TAMS 0x00000000c4800000, 0x00000000c4800000| Untracked 
|  73|0x00000000c4900000, 0x00000000c4900000, 0x00000000c4a00000|  0%| F|  |TAMS 0x00000000c4900000, 0x00000000c4900000| Untracked 
|  74|0x00000000c4a00000, 0x00000000c4a00000, 0x00000000c4b00000|  0%| F|  |TAMS 0x00000000c4a00000, 0x00000000c4a00000| Untracked 
|  75|0x00000000c4b00000, 0x00000000c4b00000, 0x00000000c4c00000|  0%| F|  |TAMS 0x00000000c4b00000, 0x00000000c4b00000| Untracked 
|  76|0x00000000c4c00000, 0x00000000c4c00000, 0x00000000c4d00000|  0%| F|  |TAMS 0x00000000c4c00000, 0x00000000c4c00000| Untracked 
|  77|0x00000000c4d00000, 0x00000000c4d00000, 0x00000000c4e00000|  0%| F|  |TAMS 0x00000000c4d00000, 0x00000000c4d00000| Untracked 
|  78|0x00000000c4e00000, 0x00000000c4e00000, 0x00000000c4f00000|  0%| F|  |TAMS 0x00000000c4e00000, 0x00000000c4e00000| Untracked 
|  79|0x00000000c4f00000, 0x00000000c4f00000, 0x00000000c5000000|  0%| F|  |TAMS 0x00000000c4f00000, 0x00000000c4f00000| Untracked 
|  80|0x00000000c5000000, 0x00000000c5000000, 0x00000000c5100000|  0%| F|  |TAMS 0x00000000c5000000, 0x00000000c5000000| Untracked 
|  81|0x00000000c5100000, 0x00000000c5100000, 0x00000000c5200000|  0%| F|  |TAMS 0x00000000c5100000, 0x00000000c5100000| Untracked 
|  82|0x00000000c5200000, 0x00000000c5200000, 0x00000000c5300000|  0%| F|  |TAMS 0x00000000c5200000, 0x00000000c5200000| Untracked 
|  83|0x00000000c5300000, 0x00000000c5300000, 0x00000000c5400000|  0%| F|  |TAMS 0x00000000c5300000, 0x00000000c5300000| Untracked 
|  84|0x00000000c5400000, 0x00000000c5400000, 0x00000000c5500000|  0%| F|  |TAMS 0x00000000c5400000, 0x00000000c5400000| Untracked 
|  85|0x00000000c5500000, 0x00000000c5500000, 0x00000000c5600000|  0%| F|  |TAMS 0x00000000c5500000, 0x00000000c5500000| Untracked 
|  86|0x00000000c5600000, 0x00000000c5600000, 0x00000000c5700000|  0%| F|  |TAMS 0x00000000c5600000, 0x00000000c5600000| Untracked 
|  87|0x00000000c5700000, 0x00000000c5700000, 0x00000000c5800000|  0%| F|  |TAMS 0x00000000c5700000, 0x00000000c5700000| Untracked 
|  88|0x00000000c5800000, 0x00000000c5800000, 0x00000000c5900000|  0%| F|  |TAMS 0x00000000c5800000, 0x00000000c5800000| Untracked 
|  89|0x00000000c5900000, 0x00000000c5900000, 0x00000000c5a00000|  0%| F|  |TAMS 0x00000000c5900000, 0x00000000c5900000| Untracked 
|  90|0x00000000c5a00000, 0x00000000c5a00000, 0x00000000c5b00000|  0%| F|  |TAMS 0x00000000c5a00000, 0x00000000c5a00000| Untracked 
|  91|0x00000000c5b00000, 0x00000000c5b00000, 0x00000000c5c00000|  0%| F|  |TAMS 0x00000000c5b00000, 0x00000000c5b00000| Untracked 
|  92|0x00000000c5c00000, 0x00000000c5c00000, 0x00000000c5d00000|  0%| F|  |TAMS 0x00000000c5c00000, 0x00000000c5c00000| Untracked 
|  93|0x00000000c5d00000, 0x00000000c5d00000, 0x00000000c5e00000|  0%| F|  |TAMS 0x00000000c5d00000, 0x00000000c5d00000| Untracked 
|  94|0x00000000c5e00000, 0x00000000c5e00000, 0x00000000c5f00000|  0%| F|  |TAMS 0x00000000c5e00000, 0x00000000c5e00000| Untracked 
|  95|0x00000000c5f00000, 0x00000000c5f00000, 0x00000000c6000000|  0%| F|  |TAMS 0x00000000c5f00000, 0x00000000c5f00000| Untracked 
|  96|0x00000000c6000000, 0x00000000c6000000, 0x00000000c6100000|  0%| F|  |TAMS 0x00000000c6000000, 0x00000000c6000000| Untracked 
|  97|0x00000000c6100000, 0x00000000c6100000, 0x00000000c6200000|  0%| F|  |TAMS 0x00000000c6100000, 0x00000000c6100000| Untracked 
|  98|0x00000000c6200000, 0x00000000c6200000, 0x00000000c6300000|  0%| F|  |TAMS 0x00000000c6200000, 0x00000000c6200000| Untracked 
|  99|0x00000000c6300000, 0x00000000c6300000, 0x00000000c6400000|  0%| F|  |TAMS 0x00000000c6300000, 0x00000000c6300000| Untracked 
| 100|0x00000000c6400000, 0x00000000c6400000, 0x00000000c6500000|  0%| F|  |TAMS 0x00000000c6400000, 0x00000000c6400000| Untracked 
| 101|0x00000000c6500000, 0x00000000c6500000, 0x00000000c6600000|  0%| F|  |TAMS 0x00000000c6500000, 0x00000000c6500000| Untracked 
| 102|0x00000000c6600000, 0x00000000c6600000, 0x00000000c6700000|  0%| F|  |TAMS 0x00000000c6600000, 0x00000000c6600000| Untracked 
| 103|0x00000000c6700000, 0x00000000c6700000, 0x00000000c6800000|  0%| F|  |TAMS 0x00000000c6700000, 0x00000000c6700000| Untracked 
| 104|0x00000000c6800000, 0x00000000c6800000, 0x00000000c6900000|  0%| F|  |TAMS 0x00000000c6800000, 0x00000000c6800000| Untracked 
| 105|0x00000000c6900000, 0x00000000c6900000, 0x00000000c6a00000|  0%| F|  |TAMS 0x00000000c6900000, 0x00000000c6900000| Untracked 
| 106|0x00000000c6a00000, 0x00000000c6a00000, 0x00000000c6b00000|  0%| F|  |TAMS 0x00000000c6a00000, 0x00000000c6a00000| Untracked 
| 107|0x00000000c6b00000, 0x00000000c6b00000, 0x00000000c6c00000|  0%| F|  |TAMS 0x00000000c6b00000, 0x00000000c6b00000| Untracked 
| 108|0x00000000c6c00000, 0x00000000c6c00000, 0x00000000c6d00000|  0%| F|  |TAMS 0x00000000c6c00000, 0x00000000c6c00000| Untracked 
| 109|0x00000000c6d00000, 0x00000000c6d00000, 0x00000000c6e00000|  0%| F|  |TAMS 0x00000000c6d00000, 0x00000000c6d00000| Untracked 
| 110|0x00000000c6e00000, 0x00000000c6e00000, 0x00000000c6f00000|  0%| F|  |TAMS 0x00000000c6e00000, 0x00000000c6e00000| Untracked 
| 111|0x00000000c6f00000, 0x00000000c6f00000, 0x00000000c7000000|  0%| F|  |TAMS 0x00000000c6f00000, 0x00000000c6f00000| Untracked 
| 112|0x00000000c7000000, 0x00000000c7000000, 0x00000000c7100000|  0%| F|  |TAMS 0x00000000c7000000, 0x00000000c7000000| Untracked 
| 113|0x00000000c7100000, 0x00000000c7100000, 0x00000000c7200000|  0%| F|  |TAMS 0x00000000c7100000, 0x00000000c7100000| Untracked 
| 114|0x00000000c7200000, 0x00000000c7200000, 0x00000000c7300000|  0%| F|  |TAMS 0x00000000c7200000, 0x00000000c7200000| Untracked 
| 115|0x00000000c7300000, 0x00000000c7300000, 0x00000000c7400000|  0%| F|  |TAMS 0x00000000c7300000, 0x00000000c7300000| Untracked 
| 116|0x00000000c7400000, 0x00000000c7400000, 0x00000000c7500000|  0%| F|  |TAMS 0x00000000c7400000, 0x00000000c7400000| Untracked 
| 117|0x00000000c7500000, 0x00000000c7500000, 0x00000000c7600000|  0%| F|  |TAMS 0x00000000c7500000, 0x00000000c7500000| Untracked 
| 118|0x00000000c7600000, 0x00000000c7600000, 0x00000000c7700000|  0%| F|  |TAMS 0x00000000c7600000, 0x00000000c7600000| Untracked 
| 119|0x00000000c7700000, 0x00000000c7700000, 0x00000000c7800000|  0%| F|  |TAMS 0x00000000c7700000, 0x00000000c7700000| Untracked 
| 120|0x00000000c7800000, 0x00000000c7800000, 0x00000000c7900000|  0%| F|  |TAMS 0x00000000c7800000, 0x00000000c7800000| Untracked 
| 121|0x00000000c7900000, 0x00000000c7900000, 0x00000000c7a00000|  0%| F|  |TAMS 0x00000000c7900000, 0x00000000c7900000| Untracked 
| 122|0x00000000c7a00000, 0x00000000c7a00000, 0x00000000c7b00000|  0%| F|  |TAMS 0x00000000c7a00000, 0x00000000c7a00000| Untracked 
| 123|0x00000000c7b00000, 0x00000000c7b00000, 0x00000000c7c00000|  0%| F|  |TAMS 0x00000000c7b00000, 0x00000000c7b00000| Untracked 
| 124|0x00000000c7c00000, 0x00000000c7c00000, 0x00000000c7d00000|  0%| F|  |TAMS 0x00000000c7c00000, 0x00000000c7c00000| Untracked 
| 125|0x00000000c7d00000, 0x00000000c7d00000, 0x00000000c7e00000|  0%| F|  |TAMS 0x00000000c7d00000, 0x00000000c7d00000| Untracked 
| 126|0x00000000c7e00000, 0x00000000c7e00000, 0x00000000c7f00000|  0%| F|  |TAMS 0x00000000c7e00000, 0x00000000c7e00000| Untracked 
| 127|0x00000000c7f00000, 0x00000000c7f00000, 0x00000000c8000000|  0%| F|  |TAMS 0x00000000c7f00000, 0x00000000c7f00000| Untracked 
| 128|0x00000000c8000000, 0x00000000c8000000, 0x00000000c8100000|  0%| F|  |TAMS 0x00000000c8000000, 0x00000000c8000000| Untracked 
| 129|0x00000000c8100000, 0x00000000c8100000, 0x00000000c8200000|  0%| F|  |TAMS 0x00000000c8100000, 0x00000000c8100000| Untracked 
| 130|0x00000000c8200000, 0x00000000c8200000, 0x00000000c8300000|  0%| F|  |TAMS 0x00000000c8200000, 0x00000000c8200000| Untracked 
| 131|0x00000000c8300000, 0x00000000c8300000, 0x00000000c8400000|  0%| F|  |TAMS 0x00000000c8300000, 0x00000000c8300000| Untracked 
| 132|0x00000000c8400000, 0x00000000c8400000, 0x00000000c8500000|  0%| F|  |TAMS 0x00000000c8400000, 0x00000000c8400000| Untracked 
| 133|0x00000000c8500000, 0x00000000c85113f0, 0x00000000c8600000|  6%| E|  |TAMS 0x00000000c8500000, 0x00000000c8500000| Complete 

Card table byte_map: [0x0000024344570000,0x0000024344770000] _byte_map_base: 0x0000024343f70000

Marking Bits (Prev, Next): (CMBitMap*) 0x000002433e622e40, (CMBitMap*) 0x000002433e622e00
 Prev Bits: [0x0000024345970000, 0x0000024346970000)
 Next Bits: [0x0000024344970000, 0x0000024345970000)

Polling page: 0x000002433dda0000

Metaspace:

Usage:
  Non-class:     62.35 MB used.
      Class:      9.83 MB used.
       Both:     72.19 MB used.

Virtual space:
  Non-class space:       64.00 MB reserved,      62.81 MB ( 98%) committed,  1 nodes.
      Class space:        1.00 GB reserved,      10.19 MB ( <1%) committed,  1 nodes.
             Both:        1.06 GB reserved,      73.00 MB (  7%) committed. 

Chunk freelists:
   Non-Class:  1.13 MB
       Class:  5.78 MB
        Both:  6.91 MB

MaxMetaspaceSize: unlimited
CompressedClassSpaceSize: 1.00 GB
Initial GC threshold: 21.00 MB
Current GC threshold: 121.69 MB
CDS: off
MetaspaceReclaimPolicy: balanced
 - commit_granule_bytes: 65536.
 - commit_granule_words: 8192.
 - virtual_space_node_default_size: 8388608.
 - enlarge_chunks_in_place: 1.
 - new_chunks_are_fully_committed: 0.
 - uncommit_free_chunks: 1.
 - use_allocation_guard: 0.
 - handle_deallocations: 1.


Internal statistics:

num_allocs_failed_limit: 6.
num_arena_births: 720.
num_arena_deaths: 230.
num_vsnodes_births: 2.
num_vsnodes_deaths: 0.
num_space_committed: 1168.
num_space_uncommitted: 0.
num_chunks_returned_to_freelist: 290.
num_chunks_taken_from_freelist: 3124.
num_chunk_merges: 97.
num_chunk_splits: 2237.
num_chunks_enlarged: 1716.
num_inconsistent_stats: 0.

CodeCache: size=49152Kb used=21537Kb max_used=23124Kb free=27614Kb
 bounds [0x0000024341260000, 0x0000024342940000, 0x0000024344260000]
 total_blobs=12652 nmethods=11972 adapters=606
 compilation: enabled
              stopped_count=0, restarted_count=0
 full_count=0

Compilation events (20 events):
Event: 7715.874 Thread 0x00000243494317d0 12172       1       java.util.concurrent.CompletableFuture::unipush (44 bytes)
Event: 7715.887 Thread 0x00000243494317d0 nmethod 12172 0x00000243424d6d90 code [0x00000243424d7000, 0x00000243424d7868]
Event: 7715.887 Thread 0x00000243494317d0 12173       1       java.util.concurrent.CompletableFuture::postFire (69 bytes)
Event: 7715.888 Thread 0x00000243494317d0 nmethod 12173 0x00000243424d6890 code [0x00000243424d6a40, 0x00000243424d6c48]
Event: 7750.404 Thread 0x00000243494317d0 12174       1       java.util.concurrent.CompletableFuture$UniCompletion::claim (34 bytes)
Event: 7750.414 Thread 0x00000243494317d0 nmethod 12174 0x00000243424d6210 code [0x00000243424d63e0, 0x00000243424d66e8]
Event: 7750.415 Thread 0x00000243494317d0 12175       1       java.util.concurrent.ForkJoinTask::compareAndSetForkJoinTaskTag (33 bytes)
Event: 7750.416 Thread 0x00000243494317d0 nmethod 12175 0x00000243424d5c10 code [0x00000243424d5dc0, 0x00000243424d6058]
Event: 7750.417 Thread 0x00000243494317d0 12176       1       java.util.concurrent.ForkJoinTask::casStatus (10 bytes)
Event: 7750.417 Thread 0x00000243494317d0 nmethod 12176 0x00000243424d5710 code [0x00000243424d58c0, 0x00000243424d5ab8]
Event: 8185.425 Thread 0x00000243494317d0 12177       1       java.util.concurrent.CompletableFuture::completeValue (20 bytes)
Event: 8185.450 Thread 0x00000243494317d0 nmethod 12177 0x00000243424d5010 code [0x00000243424d51e0, 0x00000243424d5558]
Event: 9450.856 Thread 0x00000243494317d0 12178       1       java.util.concurrent.ThreadPoolExecutor::execute (132 bytes)
Event: 9450.877 Thread 0x00000243494317d0 nmethod 12178 0x00000243424d4690 code [0x00000243424d48c0, 0x00000243424d4d48]
Event: 9453.198 Thread 0x00000243494317d0 12179       1       com.google.gson.internal.bind.TypeAdapters$15::read (6 bytes)
Event: 9453.205 Thread 0x00000243494317d0 nmethod 12179 0x00000243424d4390 code [0x00000243424d4520, 0x00000243424d4608]
Event: 9453.205 Thread 0x00000243494317d0 12180       1       com.google.gson.internal.bind.TypeAdapters$15::read (38 bytes)
Event: 9453.219 Thread 0x00000243494317d0 nmethod 12180 0x00000243424d3f10 code [0x00000243424d40e0, 0x00000243424d42d8]
Event: 10771.704 Thread 0x00000243494317d0 12181       1       org.eclipse.lsp4j.jsonrpc.json.adapters.MessageTypeAdapter$Factory::create (27 bytes)
Event: 10771.706 Thread 0x00000243494317d0 nmethod 12181 0x00000243424d3a10 code [0x00000243424d3bc0, 0x00000243424d3e08]

GC Heap History (20 events):
Event: 15803.558 GC heap before
{Heap before GC invocations=1566 (full 1458):
 garbage-first heap   total 137216K, used 40333K [0x00000000c0000000, 0x0000000100000000)
  region size 1024K, 1 young (1024K), 0 survivors (0K)
 Metaspace       used 73922K, committed 74752K, reserved 1114112K
  class space    used 10070K, committed 10432K, reserved 1048576K
}
Event: 15803.651 GC heap after
{Heap after GC invocations=1567 (full 1459):
 garbage-first heap   total 137216K, used 40333K [0x00000000c0000000, 0x0000000100000000)
  region size 1024K, 0 young (0K), 0 survivors (0K)
 Metaspace       used 73922K, committed 74752K, reserved 1114112K
  class space    used 10070K, committed 10432K, reserved 1048576K
}
Event: 15814.993 GC heap before
{Heap before GC invocations=1567 (full 1459):
 garbage-first heap   total 137216K, used 40333K [0x00000000c0000000, 0x0000000100000000)
  region size 1024K, 1 young (1024K), 0 survivors (0K)
 Metaspace       used 73922K, committed 74752K, reserved 1114112K
  class space    used 10070K, committed 10432K, reserved 1048576K
}
Event: 15815.070 GC heap after
{Heap after GC invocations=1568 (full 1460):
 garbage-first heap   total 137216K, used 40333K [0x00000000c0000000, 0x0000000100000000)
  region size 1024K, 0 young (0K), 0 survivors (0K)
 Metaspace       used 73922K, committed 74752K, reserved 1114112K
  class space    used 10070K, committed 10432K, reserved 1048576K
}
Event: 15825.922 GC heap before
{Heap before GC invocations=1568 (full 1460):
 garbage-first heap   total 137216K, used 40333K [0x00000000c0000000, 0x0000000100000000)
  region size 1024K, 1 young (1024K), 0 survivors (0K)
 Metaspace       used 73922K, committed 74752K, reserved 1114112K
  class space    used 10070K, committed 10432K, reserved 1048576K
}
Event: 15826.003 GC heap after
{Heap after GC invocations=1569 (full 1461):
 garbage-first heap   total 137216K, used 40333K [0x00000000c0000000, 0x0000000100000000)
  region size 1024K, 0 young (0K), 0 survivors (0K)
 Metaspace       used 73922K, committed 74752K, reserved 1114112K
  class space    used 10070K, committed 10432K, reserved 1048576K
}
Event: 15836.334 GC heap before
{Heap before GC invocations=1569 (full 1461):
 garbage-first heap   total 137216K, used 40333K [0x00000000c0000000, 0x0000000100000000)
  region size 1024K, 1 young (1024K), 0 survivors (0K)
 Metaspace       used 73922K, committed 74752K, reserved 1114112K
  class space    used 10070K, committed 10432K, reserved 1048576K
}
Event: 15836.427 GC heap after
{Heap after GC invocations=1570 (full 1462):
 garbage-first heap   total 137216K, used 40333K [0x00000000c0000000, 0x0000000100000000)
  region size 1024K, 0 young (0K), 0 survivors (0K)
 Metaspace       used 73922K, committed 74752K, reserved 1114112K
  class space    used 10070K, committed 10432K, reserved 1048576K
}
Event: 15846.726 GC heap before
{Heap before GC invocations=1570 (full 1462):
 garbage-first heap   total 137216K, used 40333K [0x00000000c0000000, 0x0000000100000000)
  region size 1024K, 1 young (1024K), 0 survivors (0K)
 Metaspace       used 73922K, committed 74752K, reserved 1114112K
  class space    used 10070K, committed 10432K, reserved 1048576K
}
Event: 15846.824 GC heap after
{Heap after GC invocations=1571 (full 1463):
 garbage-first heap   total 137216K, used 40333K [0x00000000c0000000, 0x0000000100000000)
  region size 1024K, 0 young (0K), 0 survivors (0K)
 Metaspace       used 73922K, committed 74752K, reserved 1114112K
  class space    used 10070K, committed 10432K, reserved 1048576K
}
Event: 15856.942 GC heap before
{Heap before GC invocations=1571 (full 1463):
 garbage-first heap   total 137216K, used 40333K [0x00000000c0000000, 0x0000000100000000)
  region size 1024K, 1 young (1024K), 0 survivors (0K)
 Metaspace       used 73922K, committed 74752K, reserved 1114112K
  class space    used 10070K, committed 10432K, reserved 1048576K
}
Event: 15857.037 GC heap after
{Heap after GC invocations=1572 (full 1464):
 garbage-first heap   total 137216K, used 40333K [0x00000000c0000000, 0x0000000100000000)
  region size 1024K, 0 young (0K), 0 survivors (0K)
 Metaspace       used 73922K, committed 74752K, reserved 1114112K
  class space    used 10070K, committed 10432K, reserved 1048576K
}
Event: 15867.140 GC heap before
{Heap before GC invocations=1572 (full 1464):
 garbage-first heap   total 137216K, used 40333K [0x00000000c0000000, 0x0000000100000000)
  region size 1024K, 1 young (1024K), 0 survivors (0K)
 Metaspace       used 73922K, committed 74752K, reserved 1114112K
  class space    used 10070K, committed 10432K, reserved 1048576K
}
Event: 15867.229 GC heap after
{Heap after GC invocations=1573 (full 1465):
 garbage-first heap   total 137216K, used 40333K [0x00000000c0000000, 0x0000000100000000)
  region size 1024K, 0 young (0K), 0 survivors (0K)
 Metaspace       used 73922K, committed 74752K, reserved 1114112K
  class space    used 10070K, committed 10432K, reserved 1048576K
}
Event: 15877.371 GC heap before
{Heap before GC invocations=1573 (full 1465):
 garbage-first heap   total 137216K, used 40333K [0x00000000c0000000, 0x0000000100000000)
  region size 1024K, 1 young (1024K), 0 survivors (0K)
 Metaspace       used 73922K, committed 74752K, reserved 1114112K
  class space    used 10070K, committed 10432K, reserved 1048576K
}
Event: 15877.449 GC heap after
{Heap after GC invocations=1574 (full 1466):
 garbage-first heap   total 137216K, used 40333K [0x00000000c0000000, 0x0000000100000000)
  region size 1024K, 0 young (0K), 0 survivors (0K)
 Metaspace       used 73922K, committed 74752K, reserved 1114112K
  class space    used 10070K, committed 10432K, reserved 1048576K
}
Event: 15887.835 GC heap before
{Heap before GC invocations=1574 (full 1466):
 garbage-first heap   total 137216K, used 40333K [0x00000000c0000000, 0x0000000100000000)
  region size 1024K, 1 young (1024K), 0 survivors (0K)
 Metaspace       used 73922K, committed 74752K, reserved 1114112K
  class space    used 10070K, committed 10432K, reserved 1048576K
}
Event: 15887.913 GC heap after
{Heap after GC invocations=1575 (full 1467):
 garbage-first heap   total 137216K, used 40333K [0x00000000c0000000, 0x0000000100000000)
  region size 1024K, 0 young (0K), 0 survivors (0K)
 Metaspace       used 73922K, committed 74752K, reserved 1114112K
  class space    used 10070K, committed 10432K, reserved 1048576K
}
Event: 15898.770 GC heap before
{Heap before GC invocations=1575 (full 1467):
 garbage-first heap   total 137216K, used 40333K [0x00000000c0000000, 0x0000000100000000)
  region size 1024K, 1 young (1024K), 0 survivors (0K)
 Metaspace       used 73922K, committed 74752K, reserved 1114112K
  class space    used 10070K, committed 10432K, reserved 1048576K
}
Event: 15898.857 GC heap after
{Heap after GC invocations=1576 (full 1468):
 garbage-first heap   total 137216K, used 40333K [0x00000000c0000000, 0x0000000100000000)
  region size 1024K, 0 young (0K), 0 survivors (0K)
 Metaspace       used 73922K, committed 74752K, reserved 1114112K
  class space    used 10070K, committed 10432K, reserved 1048576K
}

Dll operation events (10 events):
Event: 0.092 Loaded shared library c:\Users\Mehnaz Kaif\.vscode\extensions\redhat.java-1.20.0-win32-x64\jre\17.0.7-win32-x86_64\bin\java.dll
Event: 1.717 Loaded shared library C:\Users\Mehnaz Kaif\.vscode\extensions\redhat.java-1.20.0-win32-x64\jre\17.0.7-win32-x86_64\bin\net.dll
Event: 1.734 Loaded shared library C:\Users\Mehnaz Kaif\.vscode\extensions\redhat.java-1.20.0-win32-x64\jre\17.0.7-win32-x86_64\bin\nio.dll
Event: 1.752 Loaded shared library C:\Users\Mehnaz Kaif\.vscode\extensions\redhat.java-1.20.0-win32-x64\jre\17.0.7-win32-x86_64\bin\zip.dll
Event: 2.839 Loaded shared library C:\Users\Mehnaz Kaif\.vscode\extensions\redhat.java-1.20.0-win32-x64\jre\17.0.7-win32-x86_64\bin\jimage.dll
Event: 16.725 Loaded shared library C:\Users\Mehnaz Kaif\.vscode\extensions\redhat.java-1.20.0-win32-x64\jre\17.0.7-win32-x86_64\bin\management.dll
Event: 16.736 Loaded shared library C:\Users\Mehnaz Kaif\.vscode\extensions\redhat.java-1.20.0-win32-x64\jre\17.0.7-win32-x86_64\bin\management_ext.dll
Event: 22.542 Loaded shared library C:\Users\Mehnaz Kaif\.vscode\extensions\redhat.java-1.20.0-win32-x64\jre\17.0.7-win32-x86_64\bin\sunmscapi.dll
Event: 57.204 Loaded shared library c:\Users\Mehnaz Kaif\.vscode\extensions\redhat.java-1.20.0-win32-x64\jre\17.0.7-win32-x86_64\bin\verify.dll
Event: 72.720 Loaded shared library C:\Users\Mehnaz Kaif\AppData\Local\Temp\snappy-1.1.8-3e8b8400-8092-4183-b0f1-b8c6383119b0-snappyjava.dll

Deoptimization events (20 events):
Event: 61.296 Thread 0x000002434f2e55a0 DEOPT PACKING pc=0x00000243422011f4 sp=0x000000f0637fe2e0
Event: 61.296 Thread 0x000002434f2e55a0 DEOPT UNPACKING pc=0x00000243412b7143 sp=0x000000f0637fd7d8 mode 0
Event: 61.296 Thread 0x000002434f2e55a0 DEOPT PACKING pc=0x00000243421f96f4 sp=0x000000f0637fe3b0
Event: 61.296 Thread 0x000002434f2e55a0 DEOPT UNPACKING pc=0x00000243412b7143 sp=0x000000f0637fd888 mode 0
Event: 61.296 Thread 0x000002434f2e55a0 DEOPT PACKING pc=0x00000243421f74a4 sp=0x000000f0637fe460
Event: 61.296 Thread 0x000002434f2e55a0 DEOPT UNPACKING pc=0x00000243412b7143 sp=0x000000f0637fd9e0 mode 0
Event: 61.298 Thread 0x000002434f2e55a0 DEOPT PACKING pc=0x0000024342284e2c sp=0x000000f0637fe780
Event: 61.298 Thread 0x000002434f2e55a0 DEOPT UNPACKING pc=0x00000243412b7143 sp=0x000000f0637fdc10 mode 0
Event: 61.310 Thread 0x000002434f2e55a0 DEOPT PACKING pc=0x00000243416d65f3 sp=0x000000f0637fdbc0
Event: 61.310 Thread 0x000002434f2e55a0 DEOPT UNPACKING pc=0x00000243412b7143 sp=0x000000f0637fd0e0 mode 3
Event: 71.692 Thread 0x000002434f547ca0 DEOPT PACKING pc=0x00000243425bef2c sp=0x000000f0611fdd90
Event: 71.692 Thread 0x000002434f547ca0 DEOPT UNPACKING pc=0x00000243412b7143 sp=0x000000f0611fd328 mode 0
Event: 71.741 Thread 0x000002434f547ca0 DEOPT PACKING pc=0x00000243425a68ec sp=0x000000f0611fdd90
Event: 71.741 Thread 0x000002434f547ca0 DEOPT UNPACKING pc=0x00000243412b7143 sp=0x000000f0611fd2e0 mode 0
Event: 71.750 Thread 0x000002434f547ca0 DEOPT PACKING pc=0x00000243425a68ec sp=0x000000f0611fe0c0
Event: 71.750 Thread 0x000002434f547ca0 DEOPT UNPACKING pc=0x00000243412b7143 sp=0x000000f0611fd610 mode 0
Event: 71.750 Thread 0x000002434f547ca0 DEOPT PACKING pc=0x00000243425a68ec sp=0x000000f0611fe3a0
Event: 71.750 Thread 0x000002434f547ca0 DEOPT UNPACKING pc=0x00000243412b7143 sp=0x000000f0611fd8f0 mode 0
Event: 499.627 Thread 0x000002434ef41270 DEOPT PACKING pc=0x00000243417c7554 sp=0x000000f0632ff230
Event: 499.628 Thread 0x000002434ef41270 DEOPT UNPACKING pc=0x00000243412b7143 sp=0x000000f0632fe6b8 mode 0

Classes unloaded (20 events):
Event: 189.121 Thread 0x00000243493d38c0 Unloading class 0x0000000100091800 'java/lang/invoke/LambdaForm$MH+0x0000000100091800'
Event: 189.121 Thread 0x00000243493d38c0 Unloading class 0x0000000100091400 'java/lang/invoke/LambdaForm$MH+0x0000000100091400'
Event: 189.121 Thread 0x00000243493d38c0 Unloading class 0x0000000100091000 'java/lang/invoke/LambdaForm$MH+0x0000000100091000'
Event: 189.121 Thread 0x00000243493d38c0 Unloading class 0x0000000100090c00 'java/lang/invoke/LambdaForm$MH+0x0000000100090c00'
Event: 189.121 Thread 0x00000243493d38c0 Unloading class 0x0000000100090800 'java/lang/invoke/LambdaForm$MH+0x0000000100090800'
Event: 189.121 Thread 0x00000243493d38c0 Unloading class 0x0000000100090400 'java/lang/invoke/LambdaForm$MH+0x0000000100090400'
Event: 189.121 Thread 0x00000243493d38c0 Unloading class 0x0000000100090000 'java/lang/invoke/LambdaForm$MH+0x0000000100090000'
Event: 189.121 Thread 0x00000243493d38c0 Unloading class 0x000000010008b800 'java/lang/invoke/LambdaForm$MH+0x000000010008b800'
Event: 189.121 Thread 0x00000243493d38c0 Unloading class 0x000000010008b400 'java/lang/invoke/LambdaForm$MH+0x000000010008b400'
Event: 189.121 Thread 0x00000243493d38c0 Unloading class 0x000000010008b000 'java/lang/invoke/LambdaForm$MH+0x000000010008b000'
Event: 189.121 Thread 0x00000243493d38c0 Unloading class 0x000000010008ac00 'java/lang/invoke/LambdaForm$MH+0x000000010008ac00'
Event: 189.121 Thread 0x00000243493d38c0 Unloading class 0x000000010008a800 'java/lang/invoke/LambdaForm$MH+0x000000010008a800'
Event: 189.121 Thread 0x00000243493d38c0 Unloading class 0x000000010008a400 'java/lang/invoke/LambdaForm$MH+0x000000010008a400'
Event: 189.121 Thread 0x00000243493d38c0 Unloading class 0x0000000100089c00 'java/lang/invoke/LambdaForm$MH+0x0000000100089c00'
Event: 189.121 Thread 0x00000243493d38c0 Unloading class 0x0000000100089400 'java/lang/invoke/LambdaForm$MH+0x0000000100089400'
Event: 189.121 Thread 0x00000243493d38c0 Unloading class 0x0000000100088c00 'java/lang/invoke/LambdaForm$MH+0x0000000100088c00'
Event: 189.121 Thread 0x00000243493d38c0 Unloading class 0x0000000100088400 'java/lang/invoke/LambdaForm$MH+0x0000000100088400'
Event: 10881.748 Thread 0x00000243493d38c0 Unloading class 0x0000000100088c00 'java/lang/invoke/LambdaForm$MH+0x0000000100088c00'
Event: 10881.749 Thread 0x00000243493d38c0 Unloading class 0x0000000100089400 'java/lang/invoke/LambdaForm$MH+0x0000000100089400'
Event: 10881.749 Thread 0x00000243493d38c0 Unloading class 0x0000000100089c00 'java/lang/invoke/LambdaForm$MH+0x0000000100089c00'

Classes redefined (0 events):
No events

Internal exceptions (20 events):
Event: 76.834 Thread 0x000002434f547ca0 Exception <a 'sun/nio/fs/WindowsException'{0x00000000f2285648}> (0x00000000f2285648) 
thrown [s\src\hotspot\share\prims\jni.cpp, line 516]
Event: 76.835 Thread 0x000002434f547ca0 Exception <a 'sun/nio/fs/WindowsException'{0x00000000f2285a18}> (0x00000000f2285a18) 
thrown [s\src\hotspot\share\prims\jni.cpp, line 516]
Event: 76.836 Thread 0x000002434f547ca0 Exception <a 'sun/nio/fs/WindowsException'{0x00000000f22b62f8}> (0x00000000f22b62f8) 
thrown [s\src\hotspot\share\prims\jni.cpp, line 516]
Event: 76.836 Thread 0x000002434f547ca0 Exception <a 'sun/nio/fs/WindowsException'{0x00000000f22b6688}> (0x00000000f22b6688) 
thrown [s\src\hotspot\share\prims\jni.cpp, line 516]
Event: 76.837 Thread 0x000002434f547ca0 Exception <a 'sun/nio/fs/WindowsException'{0x00000000f22b7618}> (0x00000000f22b7618) 
thrown [s\src\hotspot\share\prims\jni.cpp, line 516]
Event: 76.837 Thread 0x000002434f547ca0 Exception <a 'sun/nio/fs/WindowsException'{0x00000000f22b79c8}> (0x00000000f22b79c8) 
thrown [s\src\hotspot\share\prims\jni.cpp, line 516]
Event: 76.838 Thread 0x000002434f547ca0 Exception <a 'sun/nio/fs/WindowsException'{0x00000000f22d8ef8}> (0x00000000f22d8ef8) 
thrown [s\src\hotspot\share\prims\jni.cpp, line 516]
Event: 76.838 Thread 0x000002434f547ca0 Exception <a 'sun/nio/fs/WindowsException'{0x00000000f22d9288}> (0x00000000f22d9288) 
thrown [s\src\hotspot\share\prims\jni.cpp, line 516]
Event: 76.838 Thread 0x000002434f547ca0 Exception <a 'sun/nio/fs/WindowsException'{0x00000000f22da208}> (0x00000000f22da208) 
thrown [s\src\hotspot\share\prims\jni.cpp, line 516]
Event: 76.838 Thread 0x000002434f547ca0 Exception <a 'sun/nio/fs/WindowsException'{0x00000000f22da5b8}> (0x00000000f22da5b8) 
thrown [s\src\hotspot\share\prims\jni.cpp, line 516]
Event: 76.841 Thread 0x000002434f547ca0 Exception <a 'sun/nio/fs/WindowsException'{0x00000000f2110d80}> (0x00000000f2110d80) 
thrown [s\src\hotspot\share\prims\jni.cpp, line 516]
Event: 76.841 Thread 0x000002434f547ca0 Exception <a 'sun/nio/fs/WindowsException'{0x00000000f2111130}> (0x00000000f2111130) 
thrown [s\src\hotspot\share\prims\jni.cpp, line 516]
Event: 76.842 Thread 0x000002434f547ca0 Exception <a 'sun/nio/fs/WindowsException'{0x00000000f2112620}> (0x00000000f2112620) 
thrown [s\src\hotspot\share\prims\jni.cpp, line 516]
Event: 76.842 Thread 0x000002434f547ca0 Exception <a 'sun/nio/fs/WindowsException'{0x00000000f21129f0}> (0x00000000f21129f0) 
thrown [s\src\hotspot\share\prims\jni.cpp, line 516]
Event: 76.843 Thread 0x000002434f547ca0 Exception <a 'sun/nio/fs/WindowsException'{0x00000000f213af30}> (0x00000000f213af30) 
thrown [s\src\hotspot\share\prims\jni.cpp, line 516]
Event: 76.843 Thread 0x000002434f547ca0 Exception <a 'sun/nio/fs/WindowsException'{0x00000000f213b2d8}> (0x00000000f213b2d8) 
thrown [s\src\hotspot\share\prims\jni.cpp, line 516]
Event: 76.844 Thread 0x000002434f547ca0 Exception <a 'sun/nio/fs/WindowsException'{0x00000000f213c7c8}> (0x00000000f213c7c8) 
thrown [s\src\hotspot\share\prims\jni.cpp, line 516]
Event: 76.844 Thread 0x000002434f547ca0 Exception <a 'sun/nio/fs/WindowsException'{0x00000000f213cb88}> (0x00000000f213cb88) 
thrown [s\src\hotspot\share\prims\jni.cpp, line 516]
Event: 116.928 Thread 0x000002434f274c40 Exception <a 'java/lang/NoSuchMethodError'{0x00000000f2182c80}: 'void java.lang.invoke.DirectMethodHandle$Holder.invokeStatic(java.lang.Object, long)'> (0x00000000f2182c80) 
thrown [s\src\hotspot\share\interpreter\linkResolver.cpp, line 759]
Event: 116.931 Thread 0x000002434f274c40 Exception <a 'java/lang/NoSuchMethodError'{0x00000000f1fb1698}: 'java.lang.Object java.lang.invoke.DirectMethodHandle$Holder.newInvokeSpecial(java.lang.Object, long)'> (0x00000000f1fb1698) 
thrown [s\src\hotspot\share\interpreter\linkResolver.cpp, line 759]

VM Operations (20 events):
Event: 15803.651 Executing VM operation: G1CollectFull done
Event: 15814.993 Executing VM operation: G1CollectFull
Event: 15815.070 Executing VM operation: G1CollectFull done
Event: 15825.920 Executing VM operation: G1CollectFull
Event: 15826.003 Executing VM operation: G1CollectFull done
Event: 15836.333 Executing VM operation: G1CollectFull
Event: 15836.429 Executing VM operation: G1CollectFull done
Event: 15846.726 Executing VM operation: G1CollectFull
Event: 15846.824 Executing VM operation: G1CollectFull done
Event: 15856.942 Executing VM operation: G1CollectFull
Event: 15857.038 Executing VM operation: G1CollectFull done
Event: 15867.140 Executing VM operation: G1CollectFull
Event: 15867.229 Executing VM operation: G1CollectFull done
Event: 15877.371 Executing VM operation: G1CollectFull
Event: 15877.449 Executing VM operation: G1CollectFull done
Event: 15887.834 Executing VM operation: G1CollectFull
Event: 15887.914 Executing VM operation: G1CollectFull done
Event: 15898.770 Executing VM operation: G1CollectFull
Event: 15898.857 Executing VM operation: G1CollectFull done
Event: 15909.156 Executing VM operation: G1CollectFull

Events (20 events):
Event: 6652.509 Thread 0x0000024353483030 Thread added: 0x0000024353483030
Event: 6712.514 Thread 0x0000024353483030 Thread exited: 0x0000024353483030
Event: 7101.309 Thread 0x000002435348c880 Thread added: 0x000002435348c880
Event: 7212.113 Thread 0x000002435348c880 Thread exited: 0x000002435348c880
Event: 7696.509 Thread 0x000002434e6c7a00 Thread added: 0x000002434e6c7a00
Event: 7827.812 Thread 0x000002434e6c7a00 Thread exited: 0x000002434e6c7a00
Event: 7877.957 Thread 0x00000243534839d0 Thread added: 0x00000243534839d0
Event: 7937.964 Thread 0x00000243534839d0 Thread exited: 0x00000243534839d0
Event: 7972.594 Thread 0x000002435389bd70 Thread added: 0x000002435389bd70
Event: 8032.612 Thread 0x000002435389bd70 Thread exited: 0x000002435389bd70
Event: 8180.315 Thread 0x0000024353484840 Thread added: 0x0000024353484840
Event: 8245.438 Thread 0x0000024353484840 Thread exited: 0x0000024353484840
Event: 9450.860 Thread 0x0000024353489a00 Thread added: 0x0000024353489a00
Event: 9523.664 Thread 0x0000024353489a00 Thread exited: 0x0000024353489a00
Event: 10187.747 Thread 0x000002435348b070 Thread added: 0x000002435348b070
Event: 10287.651 Thread 0x000002435348b070 Thread exited: 0x000002435348b070
Event: 10771.328 Thread 0x000002435348c880 Thread added: 0x000002435348c880
Event: 10831.721 Thread 0x000002435348c880 Thread exited: 0x000002435348c880
Event: 14818.343 Thread 0x000002435389cbe0 Thread added: 0x000002435389cbe0
Event: 14892.047 Thread 0x000002435389cbe0 Thread exited: 0x000002435389cbe0


Dynamic libraries:
0x00007ff74cc40000 - 0x00007ff74cc4e000 	c:\Users\Mehnaz Kaif\.vscode\extensions\redhat.java-1.20.0-win32-x64\jre\17.0.7-win32-x86_64\bin\java.exe
0x00007ffc33e50000 - 0x00007ffc34064000 	C:\WINDOWS\SYSTEM32\ntdll.dll
0x00007ffc33a50000 - 0x00007ffc33b12000 	C:\WINDOWS\System32\KERNEL32.DLL
0x00007ffc31880000 - 0x00007ffc31c23000 	C:\WINDOWS\System32\KERNELBASE.dll
0x00007ffc31480000 - 0x00007ffc31591000 	C:\WINDOWS\System32\ucrtbase.dll
0x00007ffbb6cc0000 - 0x00007ffbb6cd7000 	c:\Users\Mehnaz Kaif\.vscode\extensions\redhat.java-1.20.0-win32-x64\jre\17.0.7-win32-x86_64\bin\jli.dll
0x00007ffc33160000 - 0x00007ffc3330b000 	C:\WINDOWS\System32\USER32.dll
0x00007ffc317d0000 - 0x00007ffc317f6000 	C:\WINDOWS\System32\win32u.dll
0x00007ffc33970000 - 0x00007ffc33999000 	C:\WINDOWS\System32\GDI32.dll
0x00007ffba9430000 - 0x00007ffba9449000 	c:\Users\Mehnaz Kaif\.vscode\extensions\redhat.java-1.20.0-win32-x64\jre\17.0.7-win32-x86_64\bin\VCRUNTIME140.dll
0x00007ffc31250000 - 0x00007ffc31369000 	C:\WINDOWS\System32\gdi32full.dll
0x00007ffc31370000 - 0x00007ffc3140a000 	C:\WINDOWS\System32\msvcp_win.dll
0x00007ffc1b0b0000 - 0x00007ffc1b33e000 	C:\WINDOWS\WinSxS\amd64_microsoft.windows.common-controls_6595b64144ccf1df_6.0.22621.1635_none_270f70857386168e\COMCTL32.dll
0x00007ffc32b00000 - 0x00007ffc32ba7000 	C:\WINDOWS\System32\msvcrt.dll
0x00007ffc32d90000 - 0x00007ffc32dc1000 	C:\WINDOWS\System32\IMM32.DLL
0x00007ffc03dc0000 - 0x00007ffc03dcc000 	c:\Users\Mehnaz Kaif\.vscode\extensions\redhat.java-1.20.0-win32-x64\jre\17.0.7-win32-x86_64\bin\vcruntime140_1.dll
0x00007ffba80d0000 - 0x00007ffba8161000 	c:\Users\Mehnaz Kaif\.vscode\extensions\redhat.java-1.20.0-win32-x64\jre\17.0.7-win32-x86_64\bin\msvcp140.dll
0x00007ffba08f0000 - 0x00007ffba1538000 	c:\Users\Mehnaz Kaif\.vscode\extensions\redhat.java-1.20.0-win32-x64\jre\17.0.7-win32-x86_64\bin\server\jvm.dll
0x00007ffc31db0000 - 0x00007ffc31e5e000 	C:\WINDOWS\System32\ADVAPI32.dll
0x00007ffc33ce0000 - 0x00007ffc33d84000 	C:\WINDOWS\System32\sechost.dll
0x00007ffc33540000 - 0x00007ffc33657000 	C:\WINDOWS\System32\RPCRT4.dll
0x00007ffc03500000 - 0x00007ffc03509000 	C:\WINDOWS\SYSTEM32\WSOCK32.dll
0x00007ffc33d90000 - 0x00007ffc33e01000 	C:\WINDOWS\System32\WS2_32.dll
0x00007ffc2ab30000 - 0x00007ffc2ab64000 	C:\WINDOWS\SYSTEM32\WINMM.dll
0x00007ffc297e0000 - 0x00007ffc297ea000 	C:\WINDOWS\SYSTEM32\VERSION.dll
0x00007ffc302a0000 - 0x00007ffc302b8000 	C:\WINDOWS\SYSTEM32\kernel.appcore.dll
0x00007ffc03260000 - 0x00007ffc0326a000 	c:\Users\Mehnaz Kaif\.vscode\extensions\redhat.java-1.20.0-win32-x64\jre\17.0.7-win32-x86_64\bin\jimage.dll
0x00007ffc1fc60000 - 0x00007ffc1fe8e000 	C:\WINDOWS\SYSTEM32\DBGHELP.DLL
0x00007ffc32dd0000 - 0x00007ffc33159000 	C:\WINDOWS\System32\combase.dll
0x00007ffc32cb0000 - 0x00007ffc32d87000 	C:\WINDOWS\System32\OLEAUT32.dll
0x00007ffc15c40000 - 0x00007ffc15c72000 	C:\WINDOWS\SYSTEM32\dbgcore.DLL
0x00007ffc31800000 - 0x00007ffc3187b000 	C:\WINDOWS\System32\bcryptPrimitives.dll
0x00007ffba8e90000 - 0x00007ffba8eb5000 	c:\Users\Mehnaz Kaif\.vscode\extensions\redhat.java-1.20.0-win32-x64\jre\17.0.7-win32-x86_64\bin\java.dll
0x00007ffba8e40000 - 0x00007ffba8e58000 	c:\Users\Mehnaz Kaif\.vscode\extensions\redhat.java-1.20.0-win32-x64\jre\17.0.7-win32-x86_64\bin\zip.dll
0x00007ffc322f0000 - 0x00007ffc32aea000 	C:\WINDOWS\System32\SHELL32.dll
0x00007ffc2f250000 - 0x00007ffc2fb1e000 	C:\WINDOWS\SYSTEM32\windows.storage.dll
0x00007ffc2f110000 - 0x00007ffc2f24e000 	C:\WINDOWS\SYSTEM32\wintypes.dll
0x00007ffc33b20000 - 0x00007ffc33c11000 	C:\WINDOWS\System32\SHCORE.dll
0x00007ffc33c80000 - 0x00007ffc33cde000 	C:\WINDOWS\System32\shlwapi.dll
0x00007ffc31180000 - 0x00007ffc311a1000 	C:\WINDOWS\SYSTEM32\profapi.dll
0x00007ffba8e70000 - 0x00007ffba8e89000 	C:\Users\Mehnaz Kaif\.vscode\extensions\redhat.java-1.20.0-win32-x64\jre\17.0.7-win32-x86_64\bin\net.dll
0x00007ffc2a680000 - 0x00007ffc2a7b7000 	C:\WINDOWS\SYSTEM32\WINHTTP.dll
0x00007ffc30710000 - 0x00007ffc30779000 	C:\WINDOWS\system32\mswsock.dll
0x00007ffba8a80000 - 0x00007ffba8a95000 	C:\Users\Mehnaz Kaif\.vscode\extensions\redhat.java-1.20.0-win32-x64\jre\17.0.7-win32-x86_64\bin\nio.dll
0x00007ffc30980000 - 0x00007ffc3099b000 	C:\WINDOWS\SYSTEM32\CRYPTSP.dll
0x00007ffc30210000 - 0x00007ffc30245000 	C:\WINDOWS\system32\rsaenh.dll
0x00007ffc30810000 - 0x00007ffc30838000 	C:\WINDOWS\SYSTEM32\USERENV.dll
0x00007ffc30b30000 - 0x00007ffc30b58000 	C:\WINDOWS\SYSTEM32\bcrypt.dll
0x00007ffc30970000 - 0x00007ffc3097c000 	C:\WINDOWS\SYSTEM32\CRYPTBASE.dll
0x00007ffc2fd80000 - 0x00007ffc2fdad000 	C:\WINDOWS\SYSTEM32\IPHLPAPI.DLL
0x00007ffc33530000 - 0x00007ffc33539000 	C:\WINDOWS\System32\NSI.dll
0x00007ffc2a660000 - 0x00007ffc2a679000 	C:\WINDOWS\SYSTEM32\dhcpcsvc6.DLL
0x00007ffc2a640000 - 0x00007ffc2a65f000 	C:\WINDOWS\SYSTEM32\dhcpcsvc.DLL
0x00007ffc2fdf0000 - 0x00007ffc2fee3000 	C:\WINDOWS\SYSTEM32\DNSAPI.dll
0x00007ffc2c9c0000 - 0x00007ffc2c9c9000 	C:\Users\Mehnaz Kaif\.vscode\extensions\redhat.java-1.20.0-win32-x64\jre\17.0.7-win32-x86_64\bin\management.dll
0x00007ffc2bc10000 - 0x00007ffc2bc1b000 	C:\Users\Mehnaz Kaif\.vscode\extensions\redhat.java-1.20.0-win32-x64\jre\17.0.7-win32-x86_64\bin\management_ext.dll
0x00007ffc32af0000 - 0x00007ffc32af8000 	C:\WINDOWS\System32\PSAPI.DLL
0x00007ffc2b300000 - 0x00007ffc2b30e000 	C:\Users\Mehnaz Kaif\.vscode\extensions\redhat.java-1.20.0-win32-x64\jre\17.0.7-win32-x86_64\bin\sunmscapi.dll
0x00007ffc315a0000 - 0x00007ffc31707000 	C:\WINDOWS\System32\CRYPT32.dll
0x00007ffc30b00000 - 0x00007ffc30b2e000 	C:\WINDOWS\SYSTEM32\ncrypt.dll
0x00007ffc30ac0000 - 0x00007ffc30af7000 	C:\WINDOWS\SYSTEM32\NTASN1.dll
0x00007ffc1a970000 - 0x00007ffc1a97a000 	C:\Windows\System32\rasadhlp.dll
0x00007ffc293c0000 - 0x00007ffc29444000 	C:\WINDOWS\System32\fwpuclnt.dll
0x00007ffc00810000 - 0x00007ffc00820000 	c:\Users\Mehnaz Kaif\.vscode\extensions\redhat.java-1.20.0-win32-x64\jre\17.0.7-win32-x86_64\bin\verify.dll
0x000000006c500000 - 0x000000006c5c7000 	C:\Users\Mehnaz Kaif\AppData\Local\Temp\snappy-1.1.8-3e8b8400-8092-4183-b0f1-b8c6383119b0-snappyjava.dll

dbghelp: loaded successfully - version: 4.0.5 - missing functions: none
symbol engine: initialized successfully - sym options: 0x614 - pdb path: .;c:\Users\Mehnaz Kaif\.vscode\extensions\redhat.java-1.20.0-win32-x64\jre\17.0.7-win32-x86_64\bin;C:\WINDOWS\SYSTEM32;C:\WINDOWS\WinSxS\amd64_microsoft.windows.common-controls_6595b64144ccf1df_6.0.22621.1635_none_270f70857386168e;c:\Users\Mehnaz Kaif\.vscode\extensions\redhat.java-1.20.0-win32-x64\jre\17.0.7-win32-x86_64\bin\server;C:\Users\Mehnaz Kaif\AppData\Local\Temp

VM Arguments:
jvm_args: -XX:+HeapDumpOnOutOfMemoryError -Xmx1024m -Dsts.lsp.client=vscode -Dsts.log.file=/dev/null -XX:TieredStopAtLevel=1 -Xlog:jni+resolve=off -Dspring.config.location=file:c:\Users\Mehnaz Kaif\.vscode\extensions\vmware.vscode-spring-boot-1.47.0\language-server\BOOT-INF\classes\application.properties 
java_command: org.springframework.ide.vscode.boot.app.BootLanguageServerBootApp
java_class_path (initial): c:\Users\Mehnaz Kaif\.vscode\extensions\vmware.vscode-spring-boot-1.47.0\language-server\BOOT-INF\classes;c:\Users\Mehnaz Kaif\.vscode\extensions\vmware.vscode-spring-boot-1.47.0\language-server\BOOT-INF\lib\annotations-24.0.1.jar;c:\Users\Mehnaz Kaif\.vscode\extensions\vmware.vscode-spring-boot-1.47.0\language-server\BOOT-INF\lib\antlr-runtime-3.5.3.jar;c:\Users\Mehnaz Kaif\.vscode\extensions\vmware.vscode-spring-boot-1.47.0\language-server\BOOT-INF\lib\antlr4-4.11.1.jar;c:\Users\Mehnaz Kaif\.vscode\extensions\vmware.vscode-spring-boot-1.47.0\language-server\BOOT-INF\lib\antlr4-runtime-4.11.1.jar;c:\Users\Mehnaz Kaif\.vscode\extensions\vmware.vscode-spring-boot-1.47.0\language-server\BOOT-INF\lib\aopalliance-1.0.jar;c:\Users\Mehnaz Kaif\.vscode\extensions\vmware.vscode-spring-boot-1.47.0\language-server\BOOT-INF\lib\asm-9.5.jar;c:\Users\Mehnaz Kaif\.vscode\extensions\vmware.vscode-spring-boot-1.47.0\language-server\BOOT-INF\lib\asm-analysis-9.5.jar;c:\Users\Mehnaz Kaif\.vscode\extensions\vmware.vscode-spring-boot-1.47.0\language-server\BOOT-INF\lib\asm-tree-9.5.jar;c:\Users\Mehnaz Kaif\.vscode\extensions\vmware.vscode-spring-boot-1.47.0\language-server\BOOT-INF\lib\asm-util-9.5.jar;c:\Users\Mehnaz Kaif\.vscode\extensions\vmware.vscode-spring-boot-1.47.0\language-server\BOOT-INF\lib\auto-common-1.2.1.jar;c:\Users\Mehnaz Kaif\.vscode\extensions\vmware.vscode-spring-boot-1.47.0\language-server\BOOT-INF\lib\auto-value-annotations-1.9.jar;c:\Users\Mehnaz Kaif\.vscode\extensions\vmware.vscode-spring-boot-1.47.0\language-server\BOOT-INF\lib\caffeine-3.1.2.jar;c:\Users\Mehnaz Kaif\.vscode\extensions\vmware.vscode-spring-boot-1.47.0\language-server\BOOT-INF\lib\checker-qual-3.12.0.jar;c:\Users\Mehnaz Kaif\.vscode\extensions\vmware.vscode-spring-boot-1.47.0\language-server\BOOT-INF\lib\classgraph-4.8.149.jar;c:\Users\Mehnaz Kaif\.vscode\extensions\vmware.vscode-spring-boot-1.47.0\language-server\BOOT-INF\lib\commons-codec-1.15.jar;c:\Users\Mehnaz
Launcher Type: SUN_STANDARD

[Global flags]
     intx CICompilerCount                          = 4                                         {product} {ergonomic}
     uint ConcGCThreads                            = 2                                         {product} {ergonomic}
     uint G1ConcRefinementThreads                  = 8                                         {product} {ergonomic}
   size_t G1HeapRegionSize                         = 1048576                                   {product} {ergonomic}
    uintx GCDrainStackTargetSize                   = 64                                        {product} {ergonomic}
     bool HeapDumpOnOutOfMemoryError               = true                                   {manageable} {command line}
   size_t InitialHeapSize                          = 100663296                                 {product} {ergonomic}
   size_t MarkStackSize                            = 4194304                                   {product} {ergonomic}
   size_t MaxHeapSize                              = 1073741824                                {product} {command line}
   size_t MaxNewSize                               = 643825664                                 {product} {ergonomic}
   size_t MinHeapDeltaBytes                        = 1048576                                   {product} {ergonomic}
   size_t MinHeapSize                              = 8388608                                   {product} {ergonomic}
    uintx NonProfiledCodeHeapSize                  = 0                                      {pd product} {ergonomic}
     bool ProfileInterpreter                       = false                                  {pd product} {command line}
    uintx ProfiledCodeHeapSize                     = 0                                      {pd product} {ergonomic}
   size_t SoftMaxHeapSize                          = 1073741824                             {manageable} {ergonomic}
     intx TieredStopAtLevel                        = 1                                         {product} {command line}
     bool UseCompressedClassPointers               = true                           {product lp64_product} {ergonomic}
     bool UseCompressedOops                        = true                           {product lp64_product} {ergonomic}
     bool UseG1GC                                  = true                                      {product} {ergonomic}
     bool UseLargePagesIndividualAllocation        = false                                  {pd product} {ergonomic}

Logging:
Log output configuration:
 #0: stdout all=warning,jni+resolve=off uptime,level,tags
 #1: stderr all=off uptime,level,tags

Environment Variables:
JAVA_HOME=C:\Program Files\Java\jdk-19
PATH=C:\Program Files\Java\jdk-19\bin;C:\Program Files\Git\cmd;C:\Program Files\nodejs\;C:\Users\Mehnaz Kaif\AppData\Local\Android\Sdk\platform-tools;C:\Program Files\nodejs;C:\Users\Mehnaz Kaif\AppData\Local\Programs\Microsoft VS Code\bin;C:\Users\Mehnaz Kaif\AppData\Roaming\npm
USERNAME=MehnazKaif
OS=Windows_NT
PROCESSOR_IDENTIFIER=AMD64 Family 23 Model 24 Stepping 1, AuthenticAMD
TMP=C:\Users\MEHNAZ~1\AppData\Local\Temp
TEMP=C:\Users\MEHNAZ~1\AppData\Local\Temp



---------------  S Y S T E M  ---------------

OS:
 Windows 11 , 64 bit Build 22621 (10.0.22621.1778)
OS uptime: 0 days 13:39 hours

CPU: total 8 (initial active 8) (8 cores per cpu, 2 threads per core) family 23 model 24 stepping 1 microcode 0x0, cx8, cmov, fxsr, ht, mmx, 3dnowpref, sse, sse2, sse3, ssse3, sse4a, sse4.1, sse4.2, popcnt, lzcnt, tsc, tscinvbit, avx, avx2, aes, clmul, bmi1, bmi2, adx, sha, fma, vzeroupper, clflush, clflushopt

Memory: 4k page, system-wide physical 6060M (113M free)
TotalPageFile size 24492M (AvailPageFile size 5M)
current process WorkingSet (physical memory assigned to process): 97M, peak: 982M
current process commit charge ("private bytes"): 346M, peak: 1083M

vm_info: OpenJDK 64-Bit Server VM (17.0.7+7) for windows-amd64 JRE (17.0.7+7), built on Apr 18 2023 22:10:42 by "temurin" with MS VC++ 16.7 (VS2019)

END.
